  Process "gram.y" bison file
  Process "scan.l" flex file
  gram.tab.cpp
D:\codes\XDSQL-1.0\XDSQL 1.0 simple\XDSQL 1.0 simple\gram.tab.cpp(1,1): warning C4819: 该文件包含不能在当前代码页(936)中表示的字符。请将该文件保存为 Unicode 格式以防止数据丢失
D:\codes\XDSQL-1.0\XDSQL 1.0 simple\XDSQL 1.0 simple\gram.tab.h(1,1): warning C4819: 该文件包含不能在当前代码页(936)中表示的字符。请将该文件保存为 Unicode 格式以防止数据丢失
D:\codes\XDSQL-1.0\XDSQL 1.0 simple\XDSQL 1.0 simple\gram.tab.cpp(1265,5): warning C4065: switch 语句包含“default”但是未包含“case”标签
D:\codes\XDSQL-1.0\XDSQL 1.0 simple\XDSQL 1.0 simple\gram.y(200,1): warning C4819: 该文件包含不能在当前代码页(936)中表示的字符。请将该文件保存为 Unicode 格式以防止数据丢失
D:\codes\XDSQL-1.0\XDSQL 1.0 simple\XDSQL 1.0 simple\gram.y(199,36): warning C4018: “<”: 有符号/无符号不匹配
  QueryProcessor.cpp
  scan.flex.cpp
D:\codes\XDSQL-1.0\XDSQL 1.0 simple\XDSQL 1.0 simple\gram.tab.h(1,1): warning C4819: 该文件包含不能在当前代码页(936)中表示的字符。请将该文件保存为 Unicode 格式以防止数据丢失
D:\Program Files\Microsoft Visual Studio\VC\Tools\MSVC\14.29.30133\include\stdint.h(49,1): warning C4005: “INT8_MIN”: 宏重定义
D:\codes\XDSQL-1.0\XDSQL 1.0 simple\XDSQL 1.0 simple\scan.flex.cpp(59): message : 参见“INT8_MIN”的前一个定义
D:\Program Files\Microsoft Visual Studio\VC\Tools\MSVC\14.29.30133\include\stdint.h(50,1): warning C4005: “INT16_MIN”: 宏重定义
D:\codes\XDSQL-1.0\XDSQL 1.0 simple\XDSQL 1.0 simple\scan.flex.cpp(62): message : 参见“INT16_MIN”的前一个定义
D:\Program Files\Microsoft Visual Studio\VC\Tools\MSVC\14.29.30133\include\stdint.h(51,1): warning C4005: “INT32_MIN”: 宏重定义
D:\codes\XDSQL-1.0\XDSQL 1.0 simple\XDSQL 1.0 simple\scan.flex.cpp(65): message : 参见“INT32_MIN”的前一个定义
D:\Program Files\Microsoft Visual Studio\VC\Tools\MSVC\14.29.30133\include\stdint.h(53,1): warning C4005: “INT8_MAX”: 宏重定义
D:\codes\XDSQL-1.0\XDSQL 1.0 simple\XDSQL 1.0 simple\scan.flex.cpp(68): message : 参见“INT8_MAX”的前一个定义
D:\Program Files\Microsoft Visual Studio\VC\Tools\MSVC\14.29.30133\include\stdint.h(54,1): warning C4005: “INT16_MAX”: 宏重定义
D:\codes\XDSQL-1.0\XDSQL 1.0 simple\XDSQL 1.0 simple\scan.flex.cpp(71): message : 参见“INT16_MAX”的前一个定义
D:\Program Files\Microsoft Visual Studio\VC\Tools\MSVC\14.29.30133\include\stdint.h(55,1): warning C4005: “INT32_MAX”: 宏重定义
D:\codes\XDSQL-1.0\XDSQL 1.0 simple\XDSQL 1.0 simple\scan.flex.cpp(74): message : 参见“INT32_MAX”的前一个定义
D:\Program Files\Microsoft Visual Studio\VC\Tools\MSVC\14.29.30133\include\stdint.h(57,1): warning C4005: “UINT8_MAX”: 宏重定义
D:\codes\XDSQL-1.0\XDSQL 1.0 simple\XDSQL 1.0 simple\scan.flex.cpp(77): message : 参见“UINT8_MAX”的前一个定义
D:\Program Files\Microsoft Visual Studio\VC\Tools\MSVC\14.29.30133\include\stdint.h(58,1): warning C4005: “UINT16_MAX”: 宏重定义
D:\codes\XDSQL-1.0\XDSQL 1.0 simple\XDSQL 1.0 simple\scan.flex.cpp(80): message : 参见“UINT16_MAX”的前一个定义
D:\Program Files\Microsoft Visual Studio\VC\Tools\MSVC\14.29.30133\include\stdint.h(59,1): warning C4005: “UINT32_MAX”: 宏重定义
D:\codes\XDSQL-1.0\XDSQL 1.0 simple\XDSQL 1.0 simple\scan.flex.cpp(83): message : 参见“UINT32_MAX”的前一个定义
  test.cpp
D:\codes\XDSQL-1.0\XDSQL 1.0 simple\XDSQL 1.0 simple\test.cpp(1,1): warning C4819: 该文件包含不能在当前代码页(936)中表示的字符。请将该文件保存为 Unicode 格式以防止数据丢失
D:\codes\XDSQL-1.0\XDSQL 1.0 simple\XDSQL 1.0 simple\gram.tab.h(1,1): warning C4819: 该文件包含不能在当前代码页(936)中表示的字符。请将该文件保存为 Unicode 格式以防止数据丢失
  正在生成代码...
QueryProcessor_simple.lib(QueryProcessor.obj) : warning LNK4099: 未找到 PDB“SQLLib.pdb”(使用“QueryProcessor_simple.lib(QueryProcessor.obj)”或在“D:\codes\XDSQL-1.0\XDSQL 1.0 simple\Debug\SQLLib.pdb”中寻找)；正在链接对象，如同没有调试信息一样
values.lib(values.obj) : warning LNK4099: 未找到 PDB“SQLLib.pdb”(使用“values.lib(values.obj)”或在“D:\codes\XDSQL-1.0\XDSQL 1.0 simple\Debug\SQLLib.pdb”中寻找)；正在链接对象，如同没有调试信息一样
colinf.lib(colinf.obj) : warning LNK4099: 未找到 PDB“SQLLib.pdb”(使用“colinf.lib(colinf.obj)”或在“D:\codes\XDSQL-1.0\XDSQL 1.0 simple\Debug\SQLLib.pdb”中寻找)；正在链接对象，如同没有调试信息一样
colvalue.lib(colvalue.obj) : warning LNK4099: 未找到 PDB“SQLLib.pdb”(使用“colvalue.lib(colvalue.obj)”或在“D:\codes\XDSQL-1.0\XDSQL 1.0 simple\Debug\SQLLib.pdb”中寻找)；正在链接对象，如同没有调试信息一样
colsvalue.lib(colsvalue.obj) : warning LNK4099: 未找到 PDB“SQLLib.pdb”(使用“colsvalue.lib(colsvalue.obj)”或在“D:\codes\XDSQL-1.0\XDSQL 1.0 simple\Debug\SQLLib.pdb”中寻找)；正在链接对象，如同没有调试信息一样
condition.lib(condition.obj) : warning LNK4099: 未找到 PDB“SQLLib.pdb”(使用“condition.lib(condition.obj)”或在“D:\codes\XDSQL-1.0\XDSQL 1.0 simple\Debug\SQLLib.pdb”中寻找)；正在链接对象，如同没有调试信息一样
MetaDataManager.lib(MetaDataManager.obj) : warning LNK4099: 未找到 PDB“SQLLib.pdb”(使用“MetaDataManager.lib(MetaDataManager.obj)”或在“D:\codes\XDSQL-1.0\XDSQL 1.0 simple\Debug\SQLLib.pdb”中寻找)；正在链接对象，如同没有调试信息一样
StorageEngine.lib(StorageEngine.obj) : warning LNK4099: 未找到 PDB“SQLLib.pdb”(使用“StorageEngine.lib(StorageEngine.obj)”或在“D:\codes\XDSQL-1.0\XDSQL 1.0 simple\Debug\SQLLib.pdb”中寻找)；正在链接对象，如同没有调试信息一样
StorageNode.lib(StorageNode.obj) : warning LNK4099: 未找到 PDB“”(使用“StorageNode.lib(StorageNode.obj)”或在“”中寻找)；正在链接对象，如同没有调试信息一样
dbNode.lib(dbNode.obj) : warning LNK4099: 未找到 PDB“SQLLib.pdb”(使用“dbNode.lib(dbNode.obj)”或在“D:\codes\XDSQL-1.0\XDSQL 1.0 simple\Debug\SQLLib.pdb”中寻找)；正在链接对象，如同没有调试信息一样
tableNode.lib(tableNode.obj) : warning LNK4099: 未找到 PDB“SQLLib.pdb”(使用“tableNode.lib(tableNode.obj)”或在“D:\codes\XDSQL-1.0\XDSQL 1.0 simple\Debug\SQLLib.pdb”中寻找)；正在链接对象，如同没有调试信息一样
colNode.lib(colNode.obj) : warning LNK4099: 未找到 PDB“SQLLib.pdb”(使用“colNode.lib(colNode.obj)”或在“D:\codes\XDSQL-1.0\XDSQL 1.0 simple\Debug\SQLLib.pdb”中寻找)；正在链接对象，如同没有调试信息一样
initSQL.lib(initSQL.obj) : warning LNK4099: 未找到 PDB“SQLLib.pdb”(使用“initSQL.lib(initSQL.obj)”或在“D:\codes\XDSQL-1.0\XDSQL 1.0 simple\Debug\SQLLib.pdb”中寻找)；正在链接对象，如同没有调试信息一样
  XDSQL 1.0 simple.vcxproj -> D:\codes\XDSQL-1.0\XDSQL 1.0 simple\Debug\XDSQL 1.0 simple.exe
